[debug] [2019-08-23T12:55:19.411Z] ----------------------------------------------------------------------
[debug] [2019-08-23T12:55:19.413Z] Command:       C:\Program Files\nodejs\node.exe C:\Users\brian\AppData\Roaming\npm\node_modules\firebase-tools\lib\bin\firebase.js deploy
[debug] [2019-08-23T12:55:19.414Z] CLI Version:   7.2.4
[debug] [2019-08-23T12:55:19.414Z] Platform:      win32
[debug] [2019-08-23T12:55:19.414Z] Node Version:  v12.6.0
[debug] [2019-08-23T12:55:19.415Z] Time:          Fri Aug 23 2019 14:55:19 GMT+0200 (South Africa Standard Time)
[debug] [2019-08-23T12:55:19.415Z] ----------------------------------------------------------------------
[debug] 
[debug] [2019-08-23T12:55:19.433Z] > command requires scopes: ["email","openid","https://www.googleapis.com/auth/cloudplatformprojects.readonly","https://www.googleapis.com/auth/firebase","https://www.googleapis.com/auth/cloud-platform"]
[debug] [2019-08-23T12:55:19.434Z] > authorizing via signed-in user
[debug] [2019-08-23T12:55:19.434Z] [iam] checking project taxi-boss-3792e for permissions ["firebase.projects.get","firebasehosting.sites.update"]
[debug] [2019-08-23T12:55:19.436Z] > refreshing access token with scopes: ["email","https://www.googleapis.com/auth/cloud-platform","https://www.googleapis.com/auth/cloudplatformprojects.readonly","https://www.googleapis.com/auth/firebase","openid"]
[debug] [2019-08-23T12:55:19.436Z] >>> HTTP REQUEST POST https://www.googleapis.com/oauth2/v3/token  
 <request body omitted>
[debug] [2019-08-23T12:55:19.893Z] <<< HTTP RESPONSE 200
[debug] [2019-08-23T12:55:19.904Z] >>> HTTP REQUEST POST https://cloudresourcemanager.googleapis.com/v1/projects/taxi-boss-3792e:testIamPermissions  

[debug] [2019-08-23T12:55:22.038Z] <<< HTTP RESPONSE 200
[debug] [2019-08-23T12:55:22.039Z] >>> HTTP REQUEST GET https://firebase.googleapis.com/v1beta1/projects/taxi-boss-3792e  
 
[debug] [2019-08-23T12:55:23.644Z] <<< HTTP RESPONSE 200
[info] 
[info] === Deploying to 'taxi-boss-3792e'...
[info] 
[info] i  deploying hosting
[debug] [2019-08-23T12:55:23.651Z] >>> HTTP REQUEST POST https://firebasehosting.googleapis.com/v1beta1/sites/taxi-boss-3792e/versions  

[debug] [2019-08-23T12:55:26.837Z] <<< HTTP RESPONSE 200
[info] i  hosting[taxi-boss-3792e]: beginning deploy...
[info] i  hosting[taxi-boss-3792e]: found 160 files in dist
[debug] [2019-08-23T12:55:26.898Z] [hosting] hash cache [ZGlzdA] load error: lines is not defined
[debug] [2019-08-23T12:55:27.655Z] [hosting] hash cache [ZGlzdA] stored for 160 files
[debug] [2019-08-23T12:55:27.656Z] [hosting][hash queue][FINAL]
[debug] [2019-08-23T12:55:27.656Z] >>> HTTP REQUEST POST https://firebasehosting.googleapis.com/v1beta1/sites/taxi-boss-3792e/versions/37da1e006ae2acbe:populateFiles  
 <request body omitted>
[debug] [2019-08-23T12:55:31.395Z] <<< HTTP RESPONSE 200
[debug] [2019-08-23T12:55:31.400Z] [hosting][populate queue][FINAL]
[debug] [2019-08-23T12:55:31.400Z] [hosting] uploads queued: 7
[debug] [2019-08-23T12:55:34.635Z] [hosting][upload queue][FINAL]
[info] +  hosting[taxi-boss-3792e]: file upload complete
[debug] [2019-08-23T12:55:34.637Z] [hosting] deploy completed after 7797ms
